<?xml version="1.0" encoding="UTF-8"?>
<!-- Generated by org.testng.reporters.JUnitReportReporter -->
<testsuite hostname="Kishwors-MacBook-Pro.local" failures="0" tests="1" name="seleniumTest.CellValueFromTable" time="4.720" errors="0" timestamp="2020-12-20T19:02:00 EST" skipped="0">
  <testcase classname="seleniumTest.CellValueFromTable" name="getData" time="4.720"/>
  <system-out/>
</testsuite> <!-- seleniumTest.CellValueFromTable -->
