<?xml version="1.0" encoding="UTF-8"?>
<!-- Generated by org.testng.reporters.JUnitReportReporter -->
<testsuite hostname="Kishwors-MacBook-Pro.local" failures="0" tests="1" name="seleniumTest.AddToCart" time="13.714" errors="0" timestamp="2021-02-18T14:08:52 EST" skipped="0">
  <testcase classname="seleniumTest.AddToCart" name="addItemsToCart" time="13.714"/>
  <system-out>
The number of items are added to the cart successfully! 4 Items are added to the cart [Brocolli, Mushroom, Walnuts, Pumpkin]  </system-out>
</testsuite> <!-- seleniumTest.AddToCart -->
