<?xml version="1.0" encoding="UTF-8"?>
<!-- Generated by org.testng.reporters.JUnitReportReporter -->
<testsuite hostname="Kishwors-MacBook-Pro.local" failures="0" tests="1" name="javaProject.AddAndFactorial" time="3.157" errors="0" timestamp="2020-12-20T17:40:53 EST" skipped="0">
  <testcase classname="javaProject.AddAndFactorial" name="myTest" time="3.157"/>
  <system-out/>
</testsuite> <!-- javaProject.AddAndFactorial -->
