<?xml version="1.0" encoding="UTF-8"?>
<!-- Generated by org.testng.reporters.JUnitReportReporter -->
<testsuite hostname="Kishwors-MacBook-Pro.local" failures="0" tests="1" name="seleniumTest.RunFailedTest" time="56.288" errors="0" timestamp="2020-12-21T19:23:13 EST" skipped="0">
  <testcase classname="seleniumTest.RunFailedTest" name="runFailedTest" time="56.288"/>
  <system-out/>
</testsuite> <!-- seleniumTest.RunFailedTest -->
