<?xml version="1.0" encoding="UTF-8"?>
<!-- Generated by org.testng.reporters.JUnitReportReporter -->
<testsuite hostname="Kishwors-MacBook-Pro.local" failures="0" tests="1" name="seleniumDifferentTest.ImportantMethod" time="18.233" errors="0" timestamp="2021-01-03T20:39:37 EST" skipped="0">
  <testcase classname="seleniumDifferentTest.ImportantMethod" name="calendar" time="18.233"/>
  <system-out/>
</testsuite> <!-- seleniumDifferentTest.ImportantMethod -->
