<?xml version="1.0" encoding="UTF-8"?>
<!-- Generated by org.testng.reporters.JUnitReportReporter -->
<testsuite hostname="Kishwors-MacBook-Pro.local" failures="0" tests="2" name="seleniumTest.CrossBrowser" time="7.768" errors="0" timestamp="2021-01-26T12:43:43 EST" skipped="0">
  <testcase classname="seleniumTest.CrossBrowser" name="handle_crossbrowser" time="0.834"/>
  <system-out/>
  <testcase classname="seleniumTest.CrossBrowser" name="handle_crossbrowser" time="6.934"/>
  <system-out/>
</testsuite> <!-- seleniumTest.CrossBrowser -->
