<?xml version="1.0" encoding="UTF-8"?>
<!-- Generated by org.testng.reporters.JUnitReportReporter -->
<testsuite hostname="Kishwors-MacBook-Pro.local" failures="0" tests="1" name="seleniumTest.RunFailedTest" time="14.158" errors="0" timestamp="2021-02-18T14:08:52 EST" skipped="0">
  <testcase classname="seleniumTest.RunFailedTest" name="runFailedTest" time="14.158"/>
  <system-out/>
</testsuite> <!-- seleniumTest.RunFailedTest -->
